<?xml version="1.0" encoding="UTF-8"?>
<!-- Generated by org.testng.reporters.JUnitReportReporter -->
<testsuite hostname="DESKTOP-151NQ9B" failures="0" tests="1" name="driverFactory.AppTest" time="165.177" errors="0" timestamp="2024-05-24T19:42:35 IST" skipped="0">
  <testcase classname="driverFactory.AppTest" name="startTest" time="165.177">
    <system-out>
      <![CDATA[No of rows are::8
Valid username and password::dashboard------http://webapp.qedgetech.com/dashboard.php
Valid username and password::dashboard------http://webapp.qedgetech.com/dashboard.php
Incorrect user ID or password------dashboard-------http://webapp.qedgetech.com/login.php
Incorrect user ID or password------dashboard-------http://webapp.qedgetech.com/login.php
Incorrect user ID or password------dashboard-------http://webapp.qedgetech.com/login.php
Valid username and password::dashboard------http://webapp.qedgetech.com/dashboard.php
Valid username and password::dashboard------http://webapp.qedgetech.com/dashboard.php
Valid username and password::dashboard------http://webapp.qedgetech.com/dashboard.php]]>
    </system-out>
  </testcase> <!-- startTest -->
  <system-out>
    <![CDATA[No of rows are::8
Valid username and password::dashboard------http://webapp.qedgetech.com/dashboard.php
Valid username and password::dashboard------http://webapp.qedgetech.com/dashboard.php
Incorrect user ID or password------dashboard-------http://webapp.qedgetech.com/login.php
Incorrect user ID or password------dashboard-------http://webapp.qedgetech.com/login.php
Incorrect user ID or password------dashboard-------http://webapp.qedgetech.com/login.php
Valid username and password::dashboard------http://webapp.qedgetech.com/dashboard.php
Valid username and password::dashboard------http://webapp.qedgetech.com/dashboard.php
Valid username and password::dashboard------http://webapp.qedgetech.com/dashboard.php]]>
  </system-out>
</testsuite> <!-- driverFactory.AppTest -->
